linux57
Thu Apr 16 07:54:13 2026       
+-----------------------------------------------------------------------------------------+
| NVIDIA-SMI 570.148.08             Driver Version: 570.148.08     CUDA Version: 12.8     |
|-----------------------------------------+------------------------+----------------------+
| GPU  Name                 Persistence-M | Bus-Id          Disp.A | Volatile Uncorr. ECC |
| Fan  Temp   Perf          Pwr:Usage/Cap |           Memory-Usage | GPU-Util  Compute M. |
|                                         |                        |               MIG M. |
|=========================================+========================+======================|
|   0  NVIDIA GeForce RTX 2080 Ti     On  |   00000000:5E:00.0 Off |                  N/A |
| 32%   32C    P8             12W /  250W |       1MiB /  11264MiB |      0%      Default |
|                                         |                        |                  N/A |
+-----------------------------------------+------------------------+----------------------+
                                                                                         
+-----------------------------------------------------------------------------------------+
| Processes:                                                                              |
|  GPU   GI   CI              PID   Type   Process name                        GPU Memory |
|        ID   ID                                                               Usage      |
|=========================================================================================|
|  No running processes found                                                             |
+-----------------------------------------------------------------------------------------+
Currently processing training loop.
Defaulting to user installation because normal site-packages is not writeable
Requirement already satisfied: typing_extensions in /home/users/jfr29/.local/lib/python3.10/site-packages (4.15.0)
Requirement already satisfied: torch in /home/users/jfr29/.local/lib/python3.10/site-packages (2.11.0)
Requirement already satisfied: gymnasium in /home/users/jfr29/.local/lib/python3.10/site-packages (1.2.3)
Requirement already satisfied: sympy>=1.13.3 in /home/users/jfr29/.local/lib/python3.10/site-packages (from torch) (1.14.0)
Requirement already satisfied: nvidia-nvshmem-cu13==3.4.5 in /home/users/jfr29/.local/lib/python3.10/site-packages (from torch) (3.4.5)
Requirement already satisfied: networkx>=2.5.1 in /home/users/jfr29/.local/lib/python3.10/site-packages (from torch) (3.4.2)
Requirement already satisfied: cuda-toolkit[cublas,cudart,cufft,cufile,cupti,curand,cusolver,cusparse,nvjitlink,nvrtc,nvtx]==13.0.2 in /home/users/jfr29/.local/lib/python3.10/site-packages (from torch) (13.0.2)
Requirement already satisfied: jinja2 in /usr/lib/python3/dist-packages (from torch) (3.0.3)
Requirement already satisfied: fsspec>=0.8.5 in /usr/lib/python3/dist-packages (from torch) (2022.1.0)
Requirement already satisfied: filelock in /usr/lib/python3/dist-packages (from torch) (3.6.0)
Requirement already satisfied: cuda-bindings<14,>=13.0.3 in /home/users/jfr29/.local/lib/python3.10/site-packages (from torch) (13.2.0)
Requirement already satisfied: setuptools<82 in /usr/lib/python3/dist-packages (from torch) (59.6.0)
Requirement already satisfied: nvidia-cusparselt-cu13==0.8.0 in /home/users/jfr29/.local/lib/python3.10/site-packages (from torch) (0.8.0)
Requirement already satisfied: nvidia-nccl-cu13==2.28.9 in /home/users/jfr29/.local/lib/python3.10/site-packages (from torch) (2.28.9)
Requirement already satisfied: nvidia-cudnn-cu13==9.19.0.56 in /home/users/jfr29/.local/lib/python3.10/site-packages (from torch) (9.19.0.56)
Requirement already satisfied: triton==3.6.0 in /home/users/jfr29/.local/lib/python3.10/site-packages (from torch) (3.6.0)
Requirement already satisfied: nvidia-curand==10.4.0.35.* in /home/users/jfr29/.local/lib/python3.10/site-packages (from cuda-toolkit[cublas,cudart,cufft,cufile,cupti,curand,cusolver,cusparse,nvjitlink,nvrtc,nvtx]==13.0.2->torch) (10.4.0.35)
Requirement already satisfied: nvidia-cufile==1.15.1.6.* in /home/users/jfr29/.local/lib/python3.10/site-packages (from cuda-toolkit[cublas,cudart,cufft,cufile,cupti,curand,cusolver,cusparse,nvjitlink,nvrtc,nvtx]==13.0.2->torch) (1.15.1.6)
Requirement already satisfied: nvidia-cusparse==12.6.3.3.* in /home/users/jfr29/.local/lib/python3.10/site-packages (from cuda-toolkit[cublas,cudart,cufft,cufile,cupti,curand,cusolver,cusparse,nvjitlink,nvrtc,nvtx]==13.0.2->torch) (12.6.3.3)
Requirement already satisfied: nvidia-cusolver==12.0.4.66.* in /home/users/jfr29/.local/lib/python3.10/site-packages (from cuda-toolkit[cublas,cudart,cufft,cufile,cupti,curand,cusolver,cusparse,nvjitlink,nvrtc,nvtx]==13.0.2->torch) (12.0.4.66)
Requirement already satisfied: nvidia-cuda-cupti==13.0.85.* in /home/users/jfr29/.local/lib/python3.10/site-packages (from cuda-toolkit[cublas,cudart,cufft,cufile,cupti,curand,cusolver,cusparse,nvjitlink,nvrtc,nvtx]==13.0.2->torch) (13.0.85)
Requirement already satisfied: nvidia-nvtx==13.0.85.* in /home/users/jfr29/.local/lib/python3.10/site-packages (from cuda-toolkit[cublas,cudart,cufft,cufile,cupti,curand,cusolver,cusparse,nvjitlink,nvrtc,nvtx]==13.0.2->torch) (13.0.85)
Requirement already satisfied: nvidia-cuda-nvrtc==13.0.88.* in /home/users/jfr29/.local/lib/python3.10/site-packages (from cuda-toolkit[cublas,cudart,cufft,cufile,cupti,curand,cusolver,cusparse,nvjitlink,nvrtc,nvtx]==13.0.2->torch) (13.0.88)
Requirement already satisfied: nvidia-cublas==13.1.0.3.* in /home/users/jfr29/.local/lib/python3.10/site-packages (from cuda-toolkit[cublas,cudart,cufft,cufile,cupti,curand,cusolver,cusparse,nvjitlink,nvrtc,nvtx]==13.0.2->torch) (13.1.0.3)
Requirement already satisfied: nvidia-cuda-runtime==13.0.96.* in /home/users/jfr29/.local/lib/python3.10/site-packages (from cuda-toolkit[cublas,cudart,cufft,cufile,cupti,curand,cusolver,cusparse,nvjitlink,nvrtc,nvtx]==13.0.2->torch) (13.0.96)
Requirement already satisfied: nvidia-nvjitlink==13.0.88.* in /home/users/jfr29/.local/lib/python3.10/site-packages (from cuda-toolkit[cublas,cudart,cufft,cufile,cupti,curand,cusolver,cusparse,nvjitlink,nvrtc,nvtx]==13.0.2->torch) (13.0.88)
Requirement already satisfied: nvidia-cufft==12.0.0.61.* in /home/users/jfr29/.local/lib/python3.10/site-packages (from cuda-toolkit[cublas,cudart,cufft,cufile,cupti,curand,cusolver,cusparse,nvjitlink,nvrtc,nvtx]==13.0.2->torch) (12.0.0.61)
Requirement already satisfied: numpy>=1.21.0 in /usr/lib/python3/dist-packages (from gymnasium) (1.21.5)
Requirement already satisfied: cloudpickle>=1.2.0 in /usr/lib/python3/dist-packages (from gymnasium) (2.0.0)
Requirement already satisfied: farama-notifications>=0.0.1 in /home/users/jfr29/.local/lib/python3.10/site-packages (from gymnasium) (0.0.4)
Requirement already satisfied: cuda-pathfinder~=1.1 in /home/users/jfr29/.local/lib/python3.10/site-packages (from cuda-bindings<14,>=13.0.3->torch) (1.5.2)
Requirement already satisfied: mpmath<1.4,>=1.1.0 in /home/users/jfr29/.local/lib/python3.10/site-packages (from sympy>=1.13.3->torch) (1.3.0)
